0:0:0:0:0:0:0:1 - - [05/Mar/2019:19:48:34 -0600] "GET / HTTP/1.1" 200 758
0:0:0:0:0:0:0:1 - - [05/Mar/2019:19:48:34 -0600] "GET /css/bootstrap.min.css HTTP/1.1" 200 83044
0:0:0:0:0:0:0:1 - - [05/Mar/2019:19:48:34 -0600] "GET /favicon.ico HTTP/1.1" 200 1150
0:0:0:0:0:0:0:1 - - [05/Mar/2019:19:49:04 -0600] "GET /?form HTTP/1.1" 200 909
0:0:0:0:0:0:0:1 - - [05/Mar/2019:19:49:04 -0600] "GET /css/bootstrap.min.css HTTP/1.1" 200 83044
0:0:0:0:0:0:0:1 - - [05/Mar/2019:19:49:11 -0600] "POST /?form HTTP/1.1" 302 -
0:0:0:0:0:0:0:1 - - [05/Mar/2019:19:49:11 -0600] "GET /1;jsessionid=56B941FA21629C7F8D4E5AA842AF4F33 HTTP/1.1" 200 935
0:0:0:0:0:0:0:1 - - [05/Mar/2019:19:49:11 -0600] "GET /css/bootstrap.min.css HTTP/1.1" 200 83044
0:0:0:0:0:0:0:1 - - [05/Mar/2019:19:49:13 -0600] "GET / HTTP/1.1" 200 807
0:0:0:0:0:0:0:1 - - [05/Mar/2019:19:49:13 -0600] "GET /css/bootstrap.min.css HTTP/1.1" 200 83044
0:0:0:0:0:0:0:1 - - [05/Mar/2019:19:49:17 -0600] "GET /1 HTTP/1.1" 200 865
0:0:0:0:0:0:0:1 - - [05/Mar/2019:19:49:17 -0600] "GET /css/bootstrap.min.css HTTP/1.1" 200 83044
0:0:0:0:0:0:0:1 - - [05/Mar/2019:19:49:18 -0600] "GET /modify/1 HTTP/1.1" 200 940
0:0:0:0:0:0:0:1 - - [05/Mar/2019:19:49:18 -0600] "GET /css/bootstrap.min.css HTTP/1.1" 200 83044
0:0:0:0:0:0:0:1 - - [05/Mar/2019:19:49:32 -0600] "POST /?form HTTP/1.1" 302 -
0:0:0:0:0:0:0:1 - - [05/Mar/2019:19:49:32 -0600] "GET /1 HTTP/1.1" 200 934
0:0:0:0:0:0:0:1 - - [05/Mar/2019:19:49:32 -0600] "GET /css/bootstrap.min.css HTTP/1.1" 200 83044
0:0:0:0:0:0:0:1 - - [05/Mar/2019:19:49:34 -0600] "GET / HTTP/1.1" 200 807
0:0:0:0:0:0:0:1 - - [05/Mar/2019:19:49:34 -0600] "GET /css/bootstrap.min.css HTTP/1.1" 200 83044
0:0:0:0:0:0:0:1 - - [05/Mar/2019:19:49:35 -0600] "GET /1 HTTP/1.1" 200 864
0:0:0:0:0:0:0:1 - - [05/Mar/2019:19:49:35 -0600] "GET /css/bootstrap.min.css HTTP/1.1" 200 83044
0:0:0:0:0:0:0:1 - - [05/Mar/2019:19:49:38 -0600] "GET /delete/1 HTTP/1.1" 302 -
0:0:0:0:0:0:0:1 - - [05/Mar/2019:19:49:38 -0600] "GET / HTTP/1.1" 200 758
0:0:0:0:0:0:0:1 - - [05/Mar/2019:19:49:38 -0600] "GET /css/bootstrap.min.css HTTP/1.1" 200 83044
0:0:0:0:0:0:0:1 - - [05/Mar/2019:22:49:16 -0600] "GET / HTTP/1.1" 200 758
0:0:0:0:0:0:0:1 - - [05/Mar/2019:22:49:16 -0600] "GET /css/bootstrap.min.css HTTP/1.1" 200 83044
0:0:0:0:0:0:0:1 - - [05/Mar/2019:22:49:16 -0600] "GET /favicon.ico HTTP/1.1" 200 1150
0:0:0:0:0:0:0:1 - - [05/Mar/2019:22:49:21 -0600] "GET /css/bootstrap.min.css HTTP/1.1" 200 83044
0:0:0:0:0:0:0:1 - - [05/Mar/2019:22:49:46 -0600] "GET /?form HTTP/1.1" 200 909
0:0:0:0:0:0:0:1 - - [05/Mar/2019:22:49:46 -0600] "GET /css/bootstrap.min.css HTTP/1.1" 200 83044
